<?xml version="1.0" encoding="UTF-8"?>
<testsuite xmlns:xsi="http://www.w3.org/2001/XMLSchema-instance" xsi:noNamespaceSchemaLocation="https://maven.apache.org/surefire/maven-surefire-plugin/xsd/surefire-test-report-3.0.xsd" version="3.0" name="com.example.userservice.UserserviceApplicationTests" time="13.492" tests="1" errors="0" skipped="0" failures="0">
  <properties>
[...]
</properties>
  <testcase name="contextLoads" classname="com.example.userservice.UserserviceApplicationTests" time="1.225">
    <system-out><![CDATA[22:55:50.746 [main] INFO org.springframework.test.context.support.AnnotationConfigContextLoaderUtils -- Could not detect default configuration classes for test class [com.example.userservice.UserserviceApplicationTests]: UserserviceApplicationTests does not declare any static, non-private, non-final, nested classes annotated with @Configuration.
22:55:51.055 [main] INFO org.springframework.boot.test.context.SpringBootTestContextBootstrapper -- Found @SpringBootConfiguration com.example.userservice.UserserviceApplication for test class com.example.userservice.UserserviceApplicationTests
22:55:51.413 [main] INFO org.springframework.boot.devtools.restart.RestartApplicationListener -- Restart disabled due to context in which it is running

  .   ____          _            __ _ _
 /\\ / ___'_ __ _ _(_)_ __  __ _ \ \ \ \
( ( )\___ | '_ | '_| | '_ \/ _` | \ \ \ \
 \\/  ___)| |_)| | | | | || (_| |  ) ) ) )
  '  |____| .__|_| |_|_| |_\__, | / / / /
 =========|_|==============|___/=/_/_/_/

 :: Spring Boot ::                (v3.3.2)

2024-09-14T22:55:52.827+05:30  INFO[userservice,,] 11100 --- [userservice] [           main] [                                                 ] c.e.u.UserserviceApplicationTests        : Starting UserserviceApplicationTests using Java 22.0.2 with PID 11100 (started by vikram.verma in D:\Inermediate Java Articulate E-learning\Docker & CI - CD\code files\app\userservice)
2024-09-14T22:55:52.831+05:30  INFO[userservice,,] 11100 --- [userservice] [           main] [                                                 ] c.e.u.UserserviceApplicationTests        : No active profile set, falling back to 1 default profile: "default"
2024-09-14T22:55:56.770+05:30  INFO[userservice,,] 11100 --- [userservice] [           main] [                                                 ] o.s.cloud.context.scope.GenericScope     : BeanFactory id=0cdec3ab-bcf8-3c74-acfc-5325302fa4aa
2024-09-14T22:55:57.285+05:30  WARN[userservice,,] 11100 --- [userservice] [           main] [                                                 ] trationDelegate$BeanPostProcessorChecker : Bean 'org.springframework.cloud.client.loadbalancer.LoadBalancerAutoConfiguration$DeferringLoadBalancerInterceptorConfig' of type [org.springframework.cloud.client.loadbalancer.LoadBalancerAutoConfiguration$DeferringLoadBalancerInterceptorConfig] is not eligible for getting processed by all BeanPostProcessors (for example: not eligible for auto-proxying). The currently created BeanPostProcessor [lbRestClientPostProcessor] is declared through a non-static factory method on that class; consider declaring it as static instead.
2024-09-14T22:55:57.295+05:30  WARN[userservice,,] 11100 --- [userservice] [           main] [                                                 ] trationDelegate$BeanPostProcessorChecker : Bean 'deferringLoadBalancerInterceptor' of type [org.springframework.cloud.client.loadbalancer.DeferringLoadBalancerInterceptor] is not eligible for getting processed by all BeanPostProcessors (for example: not eligible for auto-proxying). Is this bean getting eagerly injected into a currently created BeanPostProcessor [lbRestClientPostProcessor]? Check the corresponding BeanPostProcessor declaration and its dependencies.
2024-09-14T22:55:58.207+05:30  INFO[userservice,,] 11100 --- [userservice] [           main] [                                                 ] o.s.c.openfeign.FeignClientFactoryBean   : For 'productservice' URL not provided. Will try picking an instance via load-balancing.
2024-09-14T22:56:01.367+05:30  INFO[userservice,,] 11100 --- [userservice] [           main] [                                                 ] DiscoveryClientOptionalArgsConfiguration : Eureka HTTP Client uses RestTemplate.
2024-09-14T22:56:01.520+05:30  WARN[userservice,,] 11100 --- [userservice] [           main] [                                                 ] iguration$LoadBalancerCaffeineWarnLogger : Spring Cloud LoadBalancer is currently working with the default cache. While this cache implementation is useful for development and tests, it's recommended to use Caffeine cache in production.You can switch to using Caffeine cache, by adding it and org.springframework.cache.caffeine.CaffeineCacheManager to the classpath.
2024-09-14T22:56:01.613+05:30  INFO[userservice,,] 11100 --- [userservice] [           main] [                                                 ] o.s.b.a.e.web.EndpointLinksResolver      : Exposing 1 endpoint beneath base path '/actuator'
2024-09-14T22:56:01.722+05:30  INFO[userservice,,] 11100 --- [userservice] [           main] [                                                 ] o.s.c.n.eureka.InstanceInfoFactory       : Setting initial instance status as: STARTING
2024-09-14T22:56:01.772+05:30  INFO[userservice,,] 11100 --- [userservice] [           main] [                                                 ] com.netflix.discovery.DiscoveryClient    : Initializing Eureka in region us-east-1
2024-09-14T22:56:01.782+05:30  INFO[userservice,,] 11100 --- [userservice] [           main] [                                                 ] c.n.d.s.r.aws.ConfigClusterResolver      : Resolving eureka endpoints via configuration
2024-09-14T22:56:01.797+05:30  INFO[userservice,,] 11100 --- [userservice] [           main] [                                                 ] com.netflix.discovery.DiscoveryClient    : Disable delta property : false
2024-09-14T22:56:01.798+05:30  INFO[userservice,,] 11100 --- [userservice] [           main] [                                                 ] com.netflix.discovery.DiscoveryClient    : Single vip registry refresh property : null
2024-09-14T22:56:01.799+05:30  INFO[userservice,,] 11100 --- [userservice] [           main] [                                                 ] com.netflix.discovery.DiscoveryClient    : Force full registry fetch : false
2024-09-14T22:56:01.799+05:30  INFO[userservice,,] 11100 --- [userservice] [           main] [                                                 ] com.netflix.discovery.DiscoveryClient    : Application is null : false
2024-09-14T22:56:01.799+05:30  INFO[userservice,,] 11100 --- [userservice] [           main] [                                                 ] com.netflix.discovery.DiscoveryClient    : Registered Applications size is zero : true
2024-09-14T22:56:01.799+05:30  INFO[userservice,,] 11100 --- [userservice] [           main] [                                                 ] com.netflix.discovery.DiscoveryClient    : Application version is -1: true
2024-09-14T22:56:01.799+05:30  INFO[userservice,,] 11100 --- [userservice] [           main] [                                                 ] com.netflix.discovery.DiscoveryClient    : Getting all instance registry info from the eureka server
2024-09-14T22:56:02.288+05:30  INFO[userservice,,] 11100 --- [userservice] [           main] [                                                 ] com.netflix.discovery.DiscoveryClient    : The response status is 200
2024-09-14T22:56:02.291+05:30  INFO[userservice,,] 11100 --- [userservice] [           main] [                                                 ] com.netflix.discovery.DiscoveryClient    : Starting heartbeat executor: renew interval is: 30
2024-09-14T22:56:02.294+05:30  INFO[userservice,,] 11100 --- [userservice] [           main] [                                                 ] c.n.discovery.InstanceInfoReplicator     : InstanceInfoReplicator onDemand update allowed rate per min is 4
2024-09-14T22:56:02.297+05:30  INFO[userservice,,] 11100 --- [userservice] [           main] [                                                 ] com.netflix.discovery.DiscoveryClient    : Discovery Client initialized at timestamp 1726334762296 with initial instances count: 0
2024-09-14T22:56:02.318+05:30  INFO[userservice,,] 11100 --- [userservice] [           main] [                                                 ] o.s.c.n.e.s.EurekaServiceRegistry        : Registering application USERSERVICE with eureka with status UP
2024-09-14T22:56:02.319+05:30  INFO[userservice,,] 11100 --- [userservice] [           main] [                                                 ] com.netflix.discovery.DiscoveryClient    : Saw local status change event StatusChangeEvent [timestamp=1726334762319, current=UP, previous=STARTING]
2024-09-14T22:56:02.323+05:30  INFO[userservice,,] 11100 --- [userservice] [foReplicator-%d] [                                                 ] com.netflix.discovery.DiscoveryClient    : DiscoveryClient_USERSERVICE/CTACTBDNB2006.mshome.net:userservice:8071: registering service...
2024-09-14T22:56:02.367+05:30  INFO[userservice,,] 11100 --- [userservice] [           main] [                                                 ] c.e.u.UserserviceApplicationTests        : Started UserserviceApplicationTests in 11.004 seconds (process running for 13.998)
2024-09-14T22:56:02.413+05:30  INFO[userservice,,] 11100 --- [userservice] [foReplicator-%d] [                                                 ] com.netflix.discovery.DiscoveryClient    : DiscoveryClient_USERSERVICE/CTACTBDNB2006.mshome.net:userservice:8071 - registration status: 204
]]></system-out>
    <system-err><![CDATA[WARNING: A Java agent has been loaded dynamically (C:\Users\vikram.verma\.m2\repository\net\bytebuddy\byte-buddy-agent\1.14.18\byte-buddy-agent-1.14.18.jar)
WARNING: If a serviceability tool is in use, please run with -XX:+EnableDynamicAgentLoading to hide this warning
WARNING: If a serviceability tool is not in use, please run with -Djdk.instrument.traceUsage for more information
WARNING: Dynamic loading of agents will be disallowed by default in a future release
]]></system-err>
  </testcase>
</testsuite>