<?xml version="1.0" encoding="UTF-8"?>
<testsuite xmlns:xsi="http://www.w3.org/2001/XMLSchema-instance" xsi:noNamespaceSchemaLocation="https://maven.apache.org/surefire/maven-surefire-plugin/xsd/surefire-test-report-3.0.xsd" version="3.0" name="com.example.configclient.ConfigclientApplicationTests" time="6.835" tests="1" errors="0" skipped="0" failures="0">
  <properties>
[...]
</properties>
  <testcase name="contextLoads" classname="com.example.configclient.ConfigclientApplicationTests" time="0.977">
    <system-out><![CDATA[09:23:18.974 [main] INFO org.springframework.test.context.support.AnnotationConfigContextLoaderUtils -- Could not detect default configuration classes for test class [com.example.configclient.ConfigclientApplicationTests]: ConfigclientApplicationTests does not declare any static, non-private, non-final, nested classes annotated with @Configuration.
09:23:19.115 [main] INFO org.springframework.boot.test.context.SpringBootTestContextBootstrapper -- Found @SpringBootConfiguration com.example.configclient.ConfigclientApplication for test class com.example.configclient.ConfigclientApplicationTests
09:23:19.315 [main] INFO org.springframework.boot.devtools.restart.RestartApplicationListener -- Restart disabled due to context in which it is running

  .   ____          _            __ _ _
 /\\ / ___'_ __ _ _(_)_ __  __ _ \ \ \ \
( ( )\___ | '_ | '_| | '_ \/ _` | \ \ \ \
 \\/  ___)| |_)| | | | | || (_| |  ) ) ) )
  '  |____| .__|_| |_|_| |_\__, | / / / /
 =========|_|==============|___/=/_/_/_/

 :: Spring Boot ::                (v3.3.2)

2024-09-15T09:23:21.269+05:30  INFO 9288 --- [configclient] [           main] c.e.c.ConfigclientApplicationTests       : Starting ConfigclientApplicationTests using Java 22.0.2 with PID 9288 (started by vikram.verma in D:\Inermediate Java Articulate E-learning\Docker & CI - CD\code files\app\configclient)
2024-09-15T09:23:21.271+05:30  INFO 9288 --- [configclient] [           main] c.e.c.ConfigclientApplicationTests       : No active profile set, falling back to 1 default profile: "default"
2024-09-15T09:23:21.334+05:30  INFO 9288 --- [configclient] [           main] o.s.c.c.c.ConfigServerConfigDataLoader   : Fetching config from server at : http://localhost:8888/
2024-09-15T09:23:21.334+05:30  INFO 9288 --- [configclient] [           main] o.s.c.c.c.ConfigServerConfigDataLoader   : Located environment: name=configclient, profiles=[default], label=null, version=40cd6de61d349fb3bb4290f8ee97a8509b6c46f9, state=null
2024-09-15T09:23:22.515+05:30  INFO 9288 --- [configclient] [           main] o.s.cloud.context.scope.GenericScope     : BeanFactory id=ae8958eb-a367-3b89-8061-b34b51e6fea2
2024-09-15T09:23:22.636+05:30  WARN 9288 --- [configclient] [           main] trationDelegate$BeanPostProcessorChecker : Bean 'org.springframework.cloud.client.loadbalancer.LoadBalancerAutoConfiguration$DeferringLoadBalancerInterceptorConfig' of type [org.springframework.cloud.client.loadbalancer.LoadBalancerAutoConfiguration$DeferringLoadBalancerInterceptorConfig] is not eligible for getting processed by all BeanPostProcessors (for example: not eligible for auto-proxying). The currently created BeanPostProcessor [lbRestClientPostProcessor] is declared through a non-static factory method on that class; consider declaring it as static instead.
2024-09-15T09:23:22.640+05:30  WARN 9288 --- [configclient] [           main] trationDelegate$BeanPostProcessorChecker : Bean 'deferringLoadBalancerInterceptor' of type [org.springframework.cloud.client.loadbalancer.DeferringLoadBalancerInterceptor] is not eligible for getting processed by all BeanPostProcessors (for example: not eligible for auto-proxying). Is this bean getting eagerly injected into a currently created BeanPostProcessor [lbRestClientPostProcessor]? Check the corresponding BeanPostProcessor declaration and its dependencies.
2024-09-15T09:23:23.765+05:30  INFO 9288 --- [configclient] [           main] DiscoveryClientOptionalArgsConfiguration : Eureka HTTP Client uses RestTemplate.
2024-09-15T09:23:23.823+05:30  WARN 9288 --- [configclient] [           main] iguration$LoadBalancerCaffeineWarnLogger : Spring Cloud LoadBalancer is currently working with the default cache. While this cache implementation is useful for development and tests, it's recommended to use Caffeine cache in production.You can switch to using Caffeine cache, by adding it and org.springframework.cache.caffeine.CaffeineCacheManager to the classpath.
2024-09-15T09:23:23.842+05:30  INFO 9288 --- [configclient] [           main] o.s.b.a.e.web.EndpointLinksResolver      : Exposing 3 endpoints beneath base path '/actuator'
2024-09-15T09:23:23.922+05:30  INFO 9288 --- [configclient] [           main] o.s.c.n.eureka.InstanceInfoFactory       : Setting initial instance status as: STARTING
2024-09-15T09:23:23.952+05:30  INFO 9288 --- [configclient] [           main] com.netflix.discovery.DiscoveryClient    : Initializing Eureka in region us-east-1
2024-09-15T09:23:23.958+05:30  INFO 9288 --- [configclient] [           main] c.n.d.s.r.aws.ConfigClusterResolver      : Resolving eureka endpoints via configuration
2024-09-15T09:23:23.971+05:30  INFO 9288 --- [configclient] [           main] com.netflix.discovery.DiscoveryClient    : Disable delta property : false
2024-09-15T09:23:23.971+05:30  INFO 9288 --- [configclient] [           main] com.netflix.discovery.DiscoveryClient    : Single vip registry refresh property : null
2024-09-15T09:23:23.972+05:30  INFO 9288 --- [configclient] [           main] com.netflix.discovery.DiscoveryClient    : Force full registry fetch : false
2024-09-15T09:23:23.972+05:30  INFO 9288 --- [configclient] [           main] com.netflix.discovery.DiscoveryClient    : Application is null : false
2024-09-15T09:23:23.972+05:30  INFO 9288 --- [configclient] [           main] com.netflix.discovery.DiscoveryClient    : Registered Applications size is zero : true
2024-09-15T09:23:23.972+05:30  INFO 9288 --- [configclient] [           main] com.netflix.discovery.DiscoveryClient    : Application version is -1: true
2024-09-15T09:23:23.972+05:30  INFO 9288 --- [configclient] [           main] com.netflix.discovery.DiscoveryClient    : Getting all instance registry info from the eureka server
2024-09-15T09:23:24.407+05:30  INFO 9288 --- [configclient] [           main] com.netflix.discovery.DiscoveryClient    : The response status is 200
2024-09-15T09:23:24.408+05:30  INFO 9288 --- [configclient] [           main] com.netflix.discovery.DiscoveryClient    : Starting heartbeat executor: renew interval is: 30
2024-09-15T09:23:24.411+05:30  INFO 9288 --- [configclient] [           main] c.n.discovery.InstanceInfoReplicator     : InstanceInfoReplicator onDemand update allowed rate per min is 4
2024-09-15T09:23:24.413+05:30  INFO 9288 --- [configclient] [           main] com.netflix.discovery.DiscoveryClient    : Discovery Client initialized at timestamp 1726372404413 with initial instances count: 0
2024-09-15T09:23:24.419+05:30  INFO 9288 --- [configclient] [           main] o.s.c.n.e.s.EurekaServiceRegistry        : Registering application CONFIGCLIENT with eureka with status UP
2024-09-15T09:23:24.420+05:30  INFO 9288 --- [configclient] [           main] com.netflix.discovery.DiscoveryClient    : Saw local status change event StatusChangeEvent [timestamp=1726372404420, current=UP, previous=STARTING]
2024-09-15T09:23:24.422+05:30  INFO 9288 --- [configclient] [foReplicator-%d] com.netflix.discovery.DiscoveryClient    : DiscoveryClient_CONFIGCLIENT/CTACTBDNB2006.mshome.net:configclient:8081: registering service...
2024-09-15T09:23:24.486+05:30  INFO 9288 --- [configclient] [           main] c.e.c.ConfigclientApplicationTests       : Started ConfigclientApplicationTests in 5.211 seconds (process running for 6.354)
2024-09-15T09:23:24.530+05:30  INFO 9288 --- [configclient] [foReplicator-%d] com.netflix.discovery.DiscoveryClient    : DiscoveryClient_CONFIGCLIENT/CTACTBDNB2006.mshome.net:configclient:8081 - registration status: 204
]]></system-out>
    <system-err><![CDATA[WARNING: A Java agent has been loaded dynamically (C:\Users\vikram.verma\.m2\repository\net\bytebuddy\byte-buddy-agent\1.14.18\byte-buddy-agent-1.14.18.jar)
WARNING: If a serviceability tool is in use, please run with -XX:+EnableDynamicAgentLoading to hide this warning
WARNING: If a serviceability tool is not in use, please run with -Djdk.instrument.traceUsage for more information
WARNING: Dynamic loading of agents will be disallowed by default in a future release
]]></system-err>
  </testcase>
</testsuite>