<?xml version="1.0" encoding="UTF-8"?>
<testsuite xmlns:xsi="http://www.w3.org/2001/XMLSchema-instance" xsi:noNamespaceSchemaLocation="https://maven.apache.org/surefire/maven-surefire-plugin/xsd/surefire-test-report-3.0.xsd" version="3.0" name="com.example.apigateway.ApigatewayApplicationTests" time="14.75" tests="1" errors="0" skipped="0" failures="0">
  <properties>
[...]
</properties>
  <testcase name="contextLoads" classname="com.example.apigateway.ApigatewayApplicationTests" time="0.625">
    <system-out><![CDATA[22:02:22.041 [main] INFO org.springframework.test.context.support.AnnotationConfigContextLoaderUtils -- Could not detect default configuration classes for test class [com.example.apigateway.ApigatewayApplicationTests]: ApigatewayApplicationTests does not declare any static, non-private, non-final, nested classes annotated with @Configuration.
22:02:22.325 [main] INFO org.springframework.boot.test.context.SpringBootTestContextBootstrapper -- Found @SpringBootConfiguration com.example.apigateway.ApigatewayApplication for test class com.example.apigateway.ApigatewayApplicationTests

  .   ____          _            __ _ _
 /\\ / ___'_ __ _ _(_)_ __  __ _ \ \ \ \
( ( )\___ | '_ | '_| | '_ \/ _` | \ \ \ \
 \\/  ___)| |_)| | | | | || (_| |  ) ) ) )
  '  |____| .__|_| |_|_| |_\__, | / / / /
 =========|_|==============|___/=/_/_/_/
 :: Spring Boot ::                (v3.1.1)

2024-09-14T22:02:23.844+05:30  INFO 18524 --- [           main] c.e.a.ApigatewayApplicationTests         : Starting ApigatewayApplicationTests using Java 22.0.2 with PID 18524 (started by vikram.verma in D:\Inermediate Java Articulate E-learning\Docker & CI - CD\code files\app\apigateway)
2024-09-14T22:02:23.846+05:30  INFO 18524 --- [           main] c.e.a.ApigatewayApplicationTests         : No active profile set, falling back to 1 default profile: "default"
2024-09-14T22:02:27.442+05:30  INFO 18524 --- [           main] o.s.cloud.context.scope.GenericScope     : BeanFactory id=809c8922-b8ad-38e6-a223-337a05c5fc65
2024-09-14T22:02:27.663+05:30  INFO 18524 --- [           main] trationDelegate$BeanPostProcessorChecker : Bean 'org.springframework.cloud.client.loadbalancer.reactive.LoadBalancerBeanPostProcessorAutoConfiguration' of type [org.springframework.cloud.client.loadbalancer.reactive.LoadBalancerBeanPostProcessorAutoConfiguration] is not eligible for getting processed by all BeanPostProcessors (for example: not eligible for auto-proxying)
2024-09-14T22:02:27.664+05:30  INFO 18524 --- [           main] trationDelegate$BeanPostProcessorChecker : Bean 'org.springframework.cloud.client.loadbalancer.reactive.LoadBalancerBeanPostProcessorAutoConfiguration$ReactorDeferringLoadBalancerFilterConfig' of type [org.springframework.cloud.client.loadbalancer.reactive.LoadBalancerBeanPostProcessorAutoConfiguration$ReactorDeferringLoadBalancerFilterConfig] is not eligible for getting processed by all BeanPostProcessors (for example: not eligible for auto-proxying)
2024-09-14T22:02:27.666+05:30  INFO 18524 --- [           main] trationDelegate$BeanPostProcessorChecker : Bean 'reactorDeferringLoadBalancerExchangeFilterFunction' of type [org.springframework.cloud.client.loadbalancer.reactive.DeferringLoadBalancerExchangeFilterFunction] is not eligible for getting processed by all BeanPostProcessors (for example: not eligible for auto-proxying)
2024-09-14T22:02:30.766+05:30  INFO 18524 --- [           main] o.s.c.g.r.RouteDefinitionRouteLocator    : Loaded RoutePredicateFactory [After]
2024-09-14T22:02:30.766+05:30  INFO 18524 --- [           main] o.s.c.g.r.RouteDefinitionRouteLocator    : Loaded RoutePredicateFactory [Before]
2024-09-14T22:02:30.766+05:30  INFO 18524 --- [           main] o.s.c.g.r.RouteDefinitionRouteLocator    : Loaded RoutePredicateFactory [Between]
2024-09-14T22:02:30.766+05:30  INFO 18524 --- [           main] o.s.c.g.r.RouteDefinitionRouteLocator    : Loaded RoutePredicateFactory [Cookie]
2024-09-14T22:02:30.766+05:30  INFO 18524 --- [           main] o.s.c.g.r.RouteDefinitionRouteLocator    : Loaded RoutePredicateFactory [Header]
2024-09-14T22:02:30.766+05:30  INFO 18524 --- [           main] o.s.c.g.r.RouteDefinitionRouteLocator    : Loaded RoutePredicateFactory [Host]
2024-09-14T22:02:30.766+05:30  INFO 18524 --- [           main] o.s.c.g.r.RouteDefinitionRouteLocator    : Loaded RoutePredicateFactory [Method]
2024-09-14T22:02:30.767+05:30  INFO 18524 --- [           main] o.s.c.g.r.RouteDefinitionRouteLocator    : Loaded RoutePredicateFactory [Path]
2024-09-14T22:02:30.767+05:30  INFO 18524 --- [           main] o.s.c.g.r.RouteDefinitionRouteLocator    : Loaded RoutePredicateFactory [Query]
2024-09-14T22:02:30.767+05:30  INFO 18524 --- [           main] o.s.c.g.r.RouteDefinitionRouteLocator    : Loaded RoutePredicateFactory [ReadBody]
2024-09-14T22:02:30.767+05:30  INFO 18524 --- [           main] o.s.c.g.r.RouteDefinitionRouteLocator    : Loaded RoutePredicateFactory [RemoteAddr]
2024-09-14T22:02:30.767+05:30  INFO 18524 --- [           main] o.s.c.g.r.RouteDefinitionRouteLocator    : Loaded RoutePredicateFactory [XForwardedRemoteAddr]
2024-09-14T22:02:30.767+05:30  INFO 18524 --- [           main] o.s.c.g.r.RouteDefinitionRouteLocator    : Loaded RoutePredicateFactory [Weight]
2024-09-14T22:02:30.768+05:30  INFO 18524 --- [           main] o.s.c.g.r.RouteDefinitionRouteLocator    : Loaded RoutePredicateFactory [CloudFoundryRouteService]
2024-09-14T22:02:31.819+05:30  INFO 18524 --- [           main] o.s.b.a.e.web.EndpointLinksResolver      : Exposing 1 endpoint(s) beneath base path '/actuator'
2024-09-14T22:02:32.550+05:30  INFO 18524 --- [           main] DiscoveryClientOptionalArgsConfiguration : Eureka HTTP Client uses RestTemplate.
2024-09-14T22:02:32.802+05:30  WARN 18524 --- [           main] iguration$LoadBalancerCaffeineWarnLogger : Spring Cloud LoadBalancer is currently working with the default cache. While this cache implementation is useful for development and tests, it's recommended to use Caffeine cache in production.You can switch to using Caffeine cache, by adding it and org.springframework.cache.caffeine.CaffeineCacheManager to the classpath.
2024-09-14T22:02:33.160+05:30  INFO 18524 --- [           main] o.s.c.n.eureka.InstanceInfoFactory       : Setting initial instance status as: STARTING
2024-09-14T22:02:33.608+05:30  INFO 18524 --- [           main] com.netflix.discovery.DiscoveryClient    : Initializing Eureka in region us-east-1
2024-09-14T22:02:33.616+05:30  INFO 18524 --- [           main] c.n.d.s.r.aws.ConfigClusterResolver      : Resolving eureka endpoints via configuration
2024-09-14T22:02:33.698+05:30  INFO 18524 --- [           main] com.netflix.discovery.DiscoveryClient    : Disable delta property : false
2024-09-14T22:02:33.734+05:30  INFO 18524 --- [           main] com.netflix.discovery.DiscoveryClient    : Single vip registry refresh property : null
2024-09-14T22:02:33.735+05:30  INFO 18524 --- [           main] com.netflix.discovery.DiscoveryClient    : Force full registry fetch : false
2024-09-14T22:02:33.737+05:30  INFO 18524 --- [           main] com.netflix.discovery.DiscoveryClient    : Application is null : false
2024-09-14T22:02:33.737+05:30  INFO 18524 --- [           main] com.netflix.discovery.DiscoveryClient    : Registered Applications size is zero : true
2024-09-14T22:02:33.737+05:30  INFO 18524 --- [           main] com.netflix.discovery.DiscoveryClient    : Application version is -1: true
2024-09-14T22:02:33.738+05:30  INFO 18524 --- [           main] com.netflix.discovery.DiscoveryClient    : Getting all instance registry info from the eureka server
2024-09-14T22:02:35.261+05:30  INFO 18524 --- [           main] com.netflix.discovery.DiscoveryClient    : The response status is 200
2024-09-14T22:02:35.264+05:30  INFO 18524 --- [           main] com.netflix.discovery.DiscoveryClient    : Starting heartbeat executor: renew interval is: 30
2024-09-14T22:02:35.268+05:30  INFO 18524 --- [           main] c.n.discovery.InstanceInfoReplicator     : InstanceInfoReplicator onDemand update allowed rate per min is 4
2024-09-14T22:02:35.275+05:30  INFO 18524 --- [           main] com.netflix.discovery.DiscoveryClient    : Discovery Client initialized at timestamp 1726331555274 with initial instances count: 0
2024-09-14T22:02:35.279+05:30  INFO 18524 --- [           main] o.s.c.n.e.s.EurekaServiceRegistry        : Registering application APIGATEWAY with eureka with status UP
2024-09-14T22:02:35.281+05:30  INFO 18524 --- [           main] com.netflix.discovery.DiscoveryClient    : Saw local status change event StatusChangeEvent [timestamp=1726331555280, current=UP, previous=STARTING]
2024-09-14T22:02:35.333+05:30  INFO 18524 --- [nfoReplicator-0] com.netflix.discovery.DiscoveryClient    : DiscoveryClient_APIGATEWAY/apigateway:8060: registering service...
2024-09-14T22:02:35.681+05:30  INFO 18524 --- [           main] c.e.a.ApigatewayApplicationTests         : Started ApigatewayApplicationTests in 13.078 seconds (process running for 15.225)
2024-09-14T22:02:35.760+05:30  INFO 18524 --- [nfoReplicator-0] com.netflix.discovery.DiscoveryClient    : DiscoveryClient_APIGATEWAY/apigateway:8060 - registration status: 204
]]></system-out>
  </testcase>
</testsuite>